<?xml version="1.0" encoding="UTF-8"?>
<testsuite xmlns:xsi="http://www.w3.org/2001/XMLSchema-instance" xsi:noNamespaceSchemaLocation="https://maven.apache.org/surefire/maven-surefire-plugin/xsd/surefire-test-report.xsd" name="com.sample.helloworld.AppTest" time="0.043" tests="1" errors="0" skipped="0" failures="0">
  <properties>
    <property name="sun.desktop" value="windows"/>
    <property name="awt.toolkit" value="sun.awt.windows.WToolkit"/>
    <property name="java.specification.version" value="11"/>
    <property name="sun.cpu.isalist" value="amd64"/>
    <property name="sun.jnu.encoding" value="Cp1252"/>
    <property name="java.class.path" value="E:\java-workspace\HelloWorld\target\test-classes;E:\java-workspace\HelloWorld\target\classes;C:\Users\svdsk31\.m2\repository\junit\junit\4.11\junit-4.11.jar;C:\Users\svdsk31\.m2\repository\org\hamcrest\hamcrest-core\1.3\hamcrest-core-1.3.jar;C:\Users\svdsk31\.m2\repository\com\amazonaws\aws-lambda-java-core\1.1.0\aws-lambda-java-core-1.1.0.jar;C:\Users\svdsk31\.m2\repository\com\amazonaws\aws-java-sdk-dynamodb\1.11.0\aws-java-sdk-dynamodb-1.11.0.jar;C:\Users\svdsk31\.m2\repository\com\amazonaws\aws-java-sdk-s3\1.11.0\aws-java-sdk-s3-1.11.0.jar;C:\Users\svdsk31\.m2\repository\com\amazonaws\aws-java-sdk-kms\1.11.0\aws-java-sdk-kms-1.11.0.jar;C:\Users\svdsk31\.m2\repository\com\amazonaws\aws-java-sdk-core\1.11.0\aws-java-sdk-core-1.11.0.jar;C:\Users\svdsk31\.m2\repository\commons-logging\commons-logging\1.1.3\commons-logging-1.1.3.jar;C:\Users\svdsk31\.m2\repository\org\apache\httpcomponents\httpclient\4.5.2\httpclient-4.5.2.jar;C:\Users\svdsk31\.m2\repository\org\apache\httpcomponents\httpcore\4.4.4\httpcore-4.4.4.jar;C:\Users\svdsk31\.m2\repository\commons-codec\commons-codec\1.9\commons-codec-1.9.jar;C:\Users\svdsk31\.m2\repository\com\fasterxml\jackson\core\jackson-databind\2.5.3\jackson-databind-2.5.3.jar;C:\Users\svdsk31\.m2\repository\com\fasterxml\jackson\core\jackson-annotations\2.5.0\jackson-annotations-2.5.0.jar;C:\Users\svdsk31\.m2\repository\com\fasterxml\jackson\core\jackson-core\2.5.3\jackson-core-2.5.3.jar;C:\Users\svdsk31\.m2\repository\com\fasterxml\jackson\dataformat\jackson-dataformat-cbor\2.5.3\jackson-dataformat-cbor-2.5.3.jar;C:\Users\svdsk31\.m2\repository\joda-time\joda-time\2.8.1\joda-time-2.8.1.jar;"/>
    <property name="java.vm.vendor" value="Eclipse Adoptium"/>
    <property name="sun.arch.data.model" value="64"/>
    <property name="user.variant" value=""/>
    <property name="java.vendor.url" value="https://adoptium.net/"/>
    <property name="user.timezone" value="Asia/Calcutta"/>
    <property name="java.vm.specification.version" value="11"/>
    <property name="os.name" value="Windows 10"/>
    <property name="sun.java.launcher" value="SUN_STANDARD"/>
    <property name="user.country" value="IN"/>
    <property name="sun.boot.library.path" value="C:\Users\svdsk31\.p2\pool\plugins\org.eclipse.justj.openjdk.hotspot.jre.full.win32.x86_64_11.0.15.v20220515-1236\jre\bin"/>
    <property name="sun.java.command" value="C:\Users\svdsk31\AppData\Local\Temp\surefire8392616360491820343\surefirebooter11622749911219376088.jar C:\Users\svdsk31\AppData\Local\Temp\surefire8392616360491820343 2022-06-18T19-36-23_255-jvmRun1 surefire12368020859581825098tmp surefire_08261453314991561097tmp"/>
    <property name="jdk.debug" value="release"/>
    <property name="surefire.test.class.path" value="E:\java-workspace\HelloWorld\target\test-classes;E:\java-workspace\HelloWorld\target\classes;C:\Users\svdsk31\.m2\repository\junit\junit\4.11\junit-4.11.jar;C:\Users\svdsk31\.m2\repository\org\hamcrest\hamcrest-core\1.3\hamcrest-core-1.3.jar;C:\Users\svdsk31\.m2\repository\com\amazonaws\aws-lambda-java-core\1.1.0\aws-lambda-java-core-1.1.0.jar;C:\Users\svdsk31\.m2\repository\com\amazonaws\aws-java-sdk-dynamodb\1.11.0\aws-java-sdk-dynamodb-1.11.0.jar;C:\Users\svdsk31\.m2\repository\com\amazonaws\aws-java-sdk-s3\1.11.0\aws-java-sdk-s3-1.11.0.jar;C:\Users\svdsk31\.m2\repository\com\amazonaws\aws-java-sdk-kms\1.11.0\aws-java-sdk-kms-1.11.0.jar;C:\Users\svdsk31\.m2\repository\com\amazonaws\aws-java-sdk-core\1.11.0\aws-java-sdk-core-1.11.0.jar;C:\Users\svdsk31\.m2\repository\commons-logging\commons-logging\1.1.3\commons-logging-1.1.3.jar;C:\Users\svdsk31\.m2\repository\org\apache\httpcomponents\httpclient\4.5.2\httpclient-4.5.2.jar;C:\Users\svdsk31\.m2\repository\org\apache\httpcomponents\httpcore\4.4.4\httpcore-4.4.4.jar;C:\Users\svdsk31\.m2\repository\commons-codec\commons-codec\1.9\commons-codec-1.9.jar;C:\Users\svdsk31\.m2\repository\com\fasterxml\jackson\core\jackson-databind\2.5.3\jackson-databind-2.5.3.jar;C:\Users\svdsk31\.m2\repository\com\fasterxml\jackson\core\jackson-annotations\2.5.0\jackson-annotations-2.5.0.jar;C:\Users\svdsk31\.m2\repository\com\fasterxml\jackson\core\jackson-core\2.5.3\jackson-core-2.5.3.jar;C:\Users\svdsk31\.m2\repository\com\fasterxml\jackson\dataformat\jackson-dataformat-cbor\2.5.3\jackson-dataformat-cbor-2.5.3.jar;C:\Users\svdsk31\.m2\repository\joda-time\joda-time\2.8.1\joda-time-2.8.1.jar;"/>
    <property name="sun.cpu.endian" value="little"/>
    <property name="user.home" value="C:\Users\svdsk31"/>
    <property name="user.language" value="en"/>
    <property name="java.specification.vendor" value="Oracle Corporation"/>
    <property name="java.version.date" value="2022-04-19"/>
    <property name="java.home" value="C:\Users\svdsk31\.p2\pool\plugins\org.eclipse.justj.openjdk.hotspot.jre.full.win32.x86_64_11.0.15.v20220515-1236\jre"/>
    <property name="file.separator" value="\"/>
    <property name="basedir" value="E:\java-workspace\HelloWorld"/>
    <property name="java.vm.compressedOopsMode" value="Zero based"/>
    <property name="line.separator" value="&#10;"/>
    <property name="java.specification.name" value="Java Platform API Specification"/>
    <property name="java.vm.specification.vendor" value="Oracle Corporation"/>
    <property name="java.awt.graphicsenv" value="sun.awt.Win32GraphicsEnvironment"/>
    <property name="surefire.real.class.path" value="C:\Users\svdsk31\AppData\Local\Temp\surefire8392616360491820343\surefirebooter11622749911219376088.jar"/>
    <property name="user.script" value=""/>
    <property name="sun.management.compiler" value="HotSpot 64-Bit Tiered Compilers"/>
    <property name="java.runtime.version" value="11.0.15+10"/>
    <property name="user.name" value="svdsk31"/>
    <property name="path.separator" value=";"/>
    <property name="os.version" value="10.0"/>
    <property name="java.runtime.name" value="OpenJDK Runtime Environment"/>
    <property name="file.encoding" value="Cp1252"/>
    <property name="java.vm.name" value="OpenJDK 64-Bit Server VM"/>
    <property name="java.vendor.version" value="Temurin-11.0.15+10"/>
    <property name="localRepository" value="C:\Users\svdsk31\.m2\repository"/>
    <property name="java.vendor.url.bug" value="https://github.com/adoptium/adoptium-support/issues"/>
    <property name="java.io.tmpdir" value="C:\Users\svdsk31\AppData\Local\Temp\"/>
    <property name="java.version" value="11.0.15"/>
    <property name="user.dir" value="E:\java-workspace\HelloWorld"/>
    <property name="os.arch" value="amd64"/>
    <property name="java.vm.specification.name" value="Java Virtual Machine Specification"/>
    <property name="java.awt.printerjob" value="sun.awt.windows.WPrinterJob"/>
    <property name="sun.os.patch.level" value=""/>
    <property name="java.library.path" value="C:\Users\svdsk31\.p2\pool\plugins\org.eclipse.justj.openjdk.hotspot.jre.full.win32.x86_64_11.0.15.v20220515-1236\jre\bin;C:\WINDOWS\Sun\Java\bin;C:\WINDOWS\system32;C:\WINDOWS;C:/Users/svdsk31/.p2/pool/plugins/org.eclipse.justj.openjdk.hotspot.jre.full.win32.x86_64_11.0.15.v20220515-1236/jre/bin/server;C:/Users/svdsk31/.p2/pool/plugins/org.eclipse.justj.openjdk.hotspot.jre.full.win32.x86_64_11.0.15.v20220515-1236/jre/bin;C:/Users/svdsk31/AppData/Local/Temp/eoi6122.tmp//plugins/org.eclipse.justj.openjdk.hotspot.jre.minimal.stripped.win32.x86_64_17.0.3.v20220515-1416/jre/bin/server;C:/Users/svdsk31/AppData/Local/Temp/eoi6122.tmp//plugins/org.eclipse.justj.openjdk.hotspot.jre.minimal.stripped.win32.x86_64_17.0.3.v20220515-1416/jre/bin;C:\Program Files\Google\Chrome\Application;C:\Program Files (x86)\Common Files\Oracle\Java\javapath;C:\Program Files\Microsoft\jdk-11.0.12.7-hotspot\bin;C:\WINDOWS\system32;C:\WINDOWS;C:\WINDOWS\System32\Wbem;C:\WINDOWS\System32\WindowsPowerShell\v1.0\;C:\WINDOWS\System32\OpenSSH\;C:\Program Files\nodejs\;C:\Program Files\Microsoft SQL Server\130\Tools\Binn\;C:\Program Files\Microsoft SQL Server\Client SDK\ODBC\170\Tools\Binn\;C:\Program Files (x86)\Microsoft SQL Server\150\Tools\Binn\;C:\Program Files\Microsoft SQL Server\150\Tools\Binn\;C:\Program Files\Microsoft SQL Server\150\DTS\Binn\;C:\Program Files\Java\jdk-17.0.2\bin\;C:\Program Files\dotnet\;C:\Program Files (x86)\Microsoft SQL Server\150\DTS\Binn\;C:\Program Files\Azure Data Studio\bin;C:\Program Files\Docker\Docker\resources\bin;C:\ProgramData\DockerDesktop\version-bin;C:\Program Files\Kubernetes\Minikube;C:\KuberCtl;C:\maven\bin;C:\Program Files\MySQL\MySQL Shell 8.0\bin\;C:\Users\svdsk31\AppData\Local\Microsoft\WindowsApps;C:\Users\svdsk31\AppData\Roaming\npm;C:\Users\svdsk31\AppData\Local\Programs\Microsoft VS Code\bin;C:\Users\svdsk31\.dotnet\tools;C:\Program Files\Azure Data Studio\bin;C:\Users\svdsk31\Downloads;;C:\Users\svdsk31\Downloads;;."/>
    <property name="java.vm.info" value="mixed mode"/>
    <property name="java.vendor" value="Eclipse Adoptium"/>
    <property name="java.vm.version" value="11.0.15+10"/>
    <property name="sun.io.unicode.encoding" value="UnicodeLittle"/>
    <property name="java.class.version" value="55.0"/>
  </properties>
  <testcase name="shouldAnswerWithTrue" classname="com.sample.helloworld.AppTest" time="0.003"/>
</testsuite>